[2018-05-17 14:37:31] production.ERROR: RuntimeException: The only supported ciphers are AES-128-CBC and AES-256-CBC with the correct key lengths. in D:\Div-Art\Real-Estate\bootstrap\cache\compiled.php:13520
Stack trace:
#0 D:\Div-Art\Real-Estate\bootstrap\cache\compiled.php(7927): Illuminate\Encryption\Encrypter->__construct('', 'AES-256-CBC')
#1 D:\Div-Art\Real-Estate\bootstrap\cache\compiled.php(1477): Illuminate\Encryption\EncryptionServiceProvider->Illuminate\Encryption\{closure}(Object(Illuminate\Foundation\Application), Array)
#2 D:\Div-Art\Real-Estate\bootstrap\cache\compiled.php(1433): Illuminate\Container\Container->build(Object(Closure), Array)
#3 D:\Div-Art\Real-Estate\bootstrap\cache\compiled.php(2011): Illuminate\Container\Container->make('encrypter', Array)
#4 D:\Div-Art\Real-Estate\bootstrap\cache\compiled.php(1534): Illuminate\Foundation\Application->make('encrypter')
#5 D:\Div-Art\Real-Estate\bootstrap\cache\compiled.php(1511): Illuminate\Container\Container->resolveClass(Object(ReflectionParameter))
#6 D:\Div-Art\Real-Estate\bootstrap\cache\compiled.php(1497): Illuminate\Container\Container->getDependencies(Array, Array)
#7 D:\Div-Art\Real-Estate\bootstrap\cache\compiled.php(1433): Illuminate\Container\Container->build('App\\Http\\Middle...', Array)
#8 D:\Div-Art\Real-Estate\bootstrap\cache\compiled.php(2011): Illuminate\Container\Container->make('App\\Http\\Middle...', Array)
#9 D:\Div-Art\Real-Estate\bootstrap\cache\compiled.php(10064): Illuminate\Foundation\Application->make('App\\Http\\Middle...')
#10 D:\Div-Art\Real-Estate\vendor\laravel\framework\src\Illuminate\Routing\Pipeline.php(33): Illuminate\Pipeline\Pipeline->Illuminate\Pipeline\{closure}(Object(Illuminate\Http\Request))
#11 D:\Div-Art\Real-Estate\bootstrap\cache\compiled.php(3374): Illuminate\Routing\Pipeline->Illuminate\Routing\{closure}(Object(Illuminate\Http\Request))
#12 D:\Div-Art\Real-Estate\bootstrap\cache\compiled.php(10069): Illuminate\Foundation\Http\Middleware\CheckForMaintenanceMode->handle(Object(Illuminate\Http\Request), Object(Closure))
#13 D:\Div-Art\Real-Estate\vendor\laravel\framework\src\Illuminate\Routing\Pipeline.php(33): Illuminate\Pipeline\Pipeline->Illuminate\Pipeline\{closure}(Object(Illuminate\Http\Request))
#14 D:\Div-Art\Real-Estate\bootstrap\cache\compiled.php(10054): Illuminate\Routing\Pipeline->Illuminate\Routing\{closure}(Object(Illuminate\Http\Request))
#15 D:\Div-Art\Real-Estate\bootstrap\cache\compiled.php(2519): Illuminate\Pipeline\Pipeline->then(Object(Closure))
#16 D:\Div-Art\Real-Estate\bootstrap\cache\compiled.php(2503): Illuminate\Foundation\Http\Kernel->sendRequestThroughRouter(Object(Illuminate\Http\Request))
#17 D:\Div-Art\Real-Estate\public\index.php(53): Illuminate\Foundation\Http\Kernel->handle(Object(Illuminate\Http\Request))
#18 {main}  
[2018-05-17 14:37:31] production.ERROR: RuntimeException: The only supported ciphers are AES-128-CBC and AES-256-CBC with the correct key lengths. in D:\Div-Art\Real-Estate\bootstrap\cache\compiled.php:13520
Stack trace:
#0 D:\Div-Art\Real-Estate\bootstrap\cache\compiled.php(7927): Illuminate\Encryption\Encrypter->__construct('', 'AES-256-CBC')
#1 D:\Div-Art\Real-Estate\bootstrap\cache\compiled.php(1477): Illuminate\Encryption\EncryptionServiceProvider->Illuminate\Encryption\{closure}(Object(Illuminate\Foundation\Application), Array)
#2 D:\Div-Art\Real-Estate\bootstrap\cache\compiled.php(1433): Illuminate\Container\Container->build(Object(Closure), Array)
#3 D:\Div-Art\Real-Estate\bootstrap\cache\compiled.php(2011): Illuminate\Container\Container->make('encrypter', Array)
#4 D:\Div-Art\Real-Estate\bootstrap\cache\compiled.php(1534): Illuminate\Foundation\Application->make('encrypter')
#5 D:\Div-Art\Real-Estate\bootstrap\cache\compiled.php(1511): Illuminate\Container\Container->resolveClass(Object(ReflectionParameter))
#6 D:\Div-Art\Real-Estate\bootstrap\cache\compiled.php(1497): Illuminate\Container\Container->getDependencies(Array, Array)
#7 D:\Div-Art\Real-Estate\bootstrap\cache\compiled.php(1433): Illuminate\Container\Container->build('App\\Http\\Middle...', Array)
#8 D:\Div-Art\Real-Estate\bootstrap\cache\compiled.php(2011): Illuminate\Container\Container->make('App\\Http\\Middle...', Array)
#9 D:\Div-Art\Real-Estate\bootstrap\cache\compiled.php(2529): Illuminate\Foundation\Application->make('App\\Http\\Middle...')
#10 D:\Div-Art\Real-Estate\public\index.php(58): Illuminate\Foundation\Http\Kernel->terminate(Object(Illuminate\Http\Request), Object(Illuminate\Http\Response))
#11 {main}  
[2018-05-17 14:54:53] production.ERROR: RuntimeException: The only supported ciphers are AES-128-CBC and AES-256-CBC with the correct key lengths. in D:\Div-Art\Real-Estate\bootstrap\cache\compiled.php:13520
Stack trace:
#0 D:\Div-Art\Real-Estate\bootstrap\cache\compiled.php(7927): Illuminate\Encryption\Encrypter->__construct('', 'AES-256-CBC')
#1 D:\Div-Art\Real-Estate\bootstrap\cache\compiled.php(1477): Illuminate\Encryption\EncryptionServiceProvider->Illuminate\Encryption\{closure}(Object(Illuminate\Foundation\Application), Array)
#2 D:\Div-Art\Real-Estate\bootstrap\cache\compiled.php(1433): Illuminate\Container\Container->build(Object(Closure), Array)
#3 D:\Div-Art\Real-Estate\bootstrap\cache\compiled.php(2011): Illuminate\Container\Container->make('encrypter', Array)
#4 D:\Div-Art\Real-Estate\bootstrap\cache\compiled.php(1534): Illuminate\Foundation\Application->make('encrypter')
#5 D:\Div-Art\Real-Estate\bootstrap\cache\compiled.php(1511): Illuminate\Container\Container->resolveClass(Object(ReflectionParameter))
#6 D:\Div-Art\Real-Estate\bootstrap\cache\compiled.php(1497): Illuminate\Container\Container->getDependencies(Array, Array)
#7 D:\Div-Art\Real-Estate\bootstrap\cache\compiled.php(1433): Illuminate\Container\Container->build('App\\Http\\Middle...', Array)
#8 D:\Div-Art\Real-Estate\bootstrap\cache\compiled.php(2011): Illuminate\Container\Container->make('App\\Http\\Middle...', Array)
#9 D:\Div-Art\Real-Estate\bootstrap\cache\compiled.php(10064): Illuminate\Foundation\Application->make('App\\Http\\Middle...')
#10 D:\Div-Art\Real-Estate\vendor\laravel\framework\src\Illuminate\Routing\Pipeline.php(33): Illuminate\Pipeline\Pipeline->Illuminate\Pipeline\{closure}(Object(Illuminate\Http\Request))
#11 D:\Div-Art\Real-Estate\bootstrap\cache\compiled.php(3374): Illuminate\Routing\Pipeline->Illuminate\Routing\{closure}(Object(Illuminate\Http\Request))
#12 D:\Div-Art\Real-Estate\bootstrap\cache\compiled.php(10069): Illuminate\Foundation\Http\Middleware\CheckForMaintenanceMode->handle(Object(Illuminate\Http\Request), Object(Closure))
#13 D:\Div-Art\Real-Estate\vendor\laravel\framework\src\Illuminate\Routing\Pipeline.php(33): Illuminate\Pipeline\Pipeline->Illuminate\Pipeline\{closure}(Object(Illuminate\Http\Request))
#14 D:\Div-Art\Real-Estate\bootstrap\cache\compiled.php(10054): Illuminate\Routing\Pipeline->Illuminate\Routing\{closure}(Object(Illuminate\Http\Request))
#15 D:\Div-Art\Real-Estate\bootstrap\cache\compiled.php(2519): Illuminate\Pipeline\Pipeline->then(Object(Closure))
#16 D:\Div-Art\Real-Estate\bootstrap\cache\compiled.php(2503): Illuminate\Foundation\Http\Kernel->sendRequestThroughRouter(Object(Illuminate\Http\Request))
#17 D:\Div-Art\Real-Estate\public\index.php(53): Illuminate\Foundation\Http\Kernel->handle(Object(Illuminate\Http\Request))
#18 {main}  
[2018-05-17 14:54:53] production.ERROR: RuntimeException: The only supported ciphers are AES-128-CBC and AES-256-CBC with the correct key lengths. in D:\Div-Art\Real-Estate\bootstrap\cache\compiled.php:13520
Stack trace:
#0 D:\Div-Art\Real-Estate\bootstrap\cache\compiled.php(7927): Illuminate\Encryption\Encrypter->__construct('', 'AES-256-CBC')
#1 D:\Div-Art\Real-Estate\bootstrap\cache\compiled.php(1477): Illuminate\Encryption\EncryptionServiceProvider->Illuminate\Encryption\{closure}(Object(Illuminate\Foundation\Application), Array)
#2 D:\Div-Art\Real-Estate\bootstrap\cache\compiled.php(1433): Illuminate\Container\Container->build(Object(Closure), Array)
#3 D:\Div-Art\Real-Estate\bootstrap\cache\compiled.php(2011): Illuminate\Container\Container->make('encrypter', Array)
#4 D:\Div-Art\Real-Estate\bootstrap\cache\compiled.php(1534): Illuminate\Foundation\Application->make('encrypter')
#5 D:\Div-Art\Real-Estate\bootstrap\cache\compiled.php(1511): Illuminate\Container\Container->resolveClass(Object(ReflectionParameter))
#6 D:\Div-Art\Real-Estate\bootstrap\cache\compiled.php(1497): Illuminate\Container\Container->getDependencies(Array, Array)
#7 D:\Div-Art\Real-Estate\bootstrap\cache\compiled.php(1433): Illuminate\Container\Container->build('App\\Http\\Middle...', Array)
#8 D:\Div-Art\Real-Estate\bootstrap\cache\compiled.php(2011): Illuminate\Container\Container->make('App\\Http\\Middle...', Array)
#9 D:\Div-Art\Real-Estate\bootstrap\cache\compiled.php(2529): Illuminate\Foundation\Application->make('App\\Http\\Middle...')
#10 D:\Div-Art\Real-Estate\public\index.php(58): Illuminate\Foundation\Http\Kernel->terminate(Object(Illuminate\Http\Request), Object(Illuminate\Http\Response))
#11 {main}  
